<?xml version="1.0" encoding="UTF-8"?>
<coverage generated="1769421933428" clover="3.2.0">
  <project timestamp="1769421933428" name="All files">
    <metrics statements="18" coveredstatements="18" conditionals="0" coveredconditionals="0" methods="12" coveredmethods="12" elements="30" coveredelements="30" complexity="0" loc="18" ncloc="18" packages="1" files="1" classes="1"/>
    <file name="types.ts" path="/home/thomas/Forgerank/src/lib/supabase/types.ts">
      <metrics statements="18" coveredstatements="18" conditionals="0" coveredconditionals="0" methods="12" coveredmethods="12"/>
      <line num="319" count="8" type="stmt"/>
      <line num="320" count="8" type="stmt"/>
      <line num="321" count="18" type="stmt"/>
      <line num="322" count="17" type="stmt"/>
      <line num="324" count="8" type="stmt"/>
      <line num="332" count="7" type="stmt"/>
      <line num="333" count="7" type="stmt"/>
      <line num="334" count="16" type="stmt"/>
      <line num="335" count="16" type="stmt"/>
      <line num="337" count="7" type="stmt"/>
      <line num="351" count="2" type="stmt"/>
      <line num="374" count="2" type="stmt"/>
      <line num="401" count="2" type="stmt"/>
      <line num="426" count="1" type="stmt"/>
      <line num="454" count="2" type="stmt"/>
      <line num="481" count="1" type="stmt"/>
      <line num="501" count="2" type="stmt"/>
      <line num="525" count="2" type="stmt"/>
    </file>
  </project>
</coverage>
