{"/home/thomas/Forgerank/src/lib/supabase/types.ts": {"path":"/home/thomas/Forgerank/src/lib/supabase/types.ts","statementMap":{"0":{"start":{"line":319,"column":42},"end":{"line":319,"column":44}},"1":{"start":{"line":320,"column":2},"end":{"line":323,"column":3}},"2":{"start":{"line":321,"column":21},"end":{"line":321,"column":82}},"3":{"start":{"line":321,"column":61},"end":{"line":321,"column":81}},"4":{"start":{"line":322,"column":4},"end":{"line":322,"column":32}},"5":{"start":{"line":324,"column":2},"end":{"line":324,"column":16}},"6":{"start":{"line":332,"column":42},"end":{"line":332,"column":44}},"7":{"start":{"line":333,"column":2},"end":{"line":336,"column":3}},"8":{"start":{"line":334,"column":21},"end":{"line":334,"column":82}},"9":{"start":{"line":334,"column":55},"end":{"line":334,"column":81}},"10":{"start":{"line":335,"column":4},"end":{"line":335,"column":32}},"11":{"start":{"line":337,"column":2},"end":{"line":337,"column":16}},"12":{"start":{"line":351,"column":2},"end":{"line":358,"column":4}},"13":{"start":{"line":374,"column":2},"end":{"line":383,"column":4}},"14":{"start":{"line":401,"column":2},"end":{"line":412,"column":4}},"15":{"start":{"line":426,"column":2},"end":{"line":433,"column":4}},"16":{"start":{"line":454,"column":2},"end":{"line":468,"column":4}},"17":{"start":{"line":481,"column":2},"end":{"line":487,"column":4}},"18":{"start":{"line":501,"column":2},"end":{"line":508,"column":4}},"19":{"start":{"line":525,"column":2},"end":{"line":535,"column":4}}},"fnMap":{"0":{"name":"snakeToCamel","decl":{"start":{"line":318,"column":16},"end":{"line":318,"column":28}},"loc":{"start":{"line":318,"column":97},"end":{"line":325,"column":1}},"line":318},"1":{"name":"(anonymous_1)","decl":{"start":{"line":321,"column":46},"end":{"line":321,"column":47}},"loc":{"start":{"line":321,"column":61},"end":{"line":321,"column":81}},"line":321},"2":{"name":"camelToSnake","decl":{"start":{"line":331,"column":16},"end":{"line":331,"column":28}},"loc":{"start":{"line":331,"column":97},"end":{"line":338,"column":1}},"line":331},"3":{"name":"(anonymous_3)","decl":{"start":{"line":334,"column":43},"end":{"line":334,"column":44}},"loc":{"start":{"line":334,"column":55},"end":{"line":334,"column":81}},"line":334},"4":{"name":"mapDatabaseUser","decl":{"start":{"line":343,"column":16},"end":{"line":343,"column":31}},"loc":{"start":{"line":350,"column":2},"end":{"line":359,"column":1}},"line":350},"5":{"name":"mapDatabaseRoutine","decl":{"start":{"line":364,"column":16},"end":{"line":364,"column":34}},"loc":{"start":{"line":373,"column":2},"end":{"line":384,"column":1}},"line":373},"6":{"name":"mapDatabaseWorkout","decl":{"start":{"line":389,"column":16},"end":{"line":389,"column":34}},"loc":{"start":{"line":400,"column":2},"end":{"line":413,"column":1}},"line":400},"7":{"name":"mapDatabaseFriendship","decl":{"start":{"line":418,"column":16},"end":{"line":418,"column":37}},"loc":{"start":{"line":425,"column":2},"end":{"line":434,"column":1}},"line":425},"8":{"name":"mapDatabasePost","decl":{"start":{"line":439,"column":16},"end":{"line":439,"column":31}},"loc":{"start":{"line":453,"column":2},"end":{"line":469,"column":1}},"line":453},"9":{"name":"mapDatabaseReaction","decl":{"start":{"line":474,"column":16},"end":{"line":474,"column":35}},"loc":{"start":{"line":480,"column":2},"end":{"line":488,"column":1}},"line":480},"10":{"name":"mapDatabaseComment","decl":{"start":{"line":493,"column":16},"end":{"line":493,"column":34}},"loc":{"start":{"line":500,"column":2},"end":{"line":509,"column":1}},"line":500},"11":{"name":"mapDatabaseNotification","decl":{"start":{"line":514,"column":16},"end":{"line":514,"column":39}},"loc":{"start":{"line":524,"column":2},"end":{"line":536,"column":1}},"line":524}},"branchMap":{},"s":{"0":8,"1":8,"2":17,"3":18,"4":17,"5":8,"6":7,"7":7,"8":16,"9":15,"10":16,"11":7,"12":2,"13":2,"14":2,"15":1,"16":2,"17":1,"18":2,"19":2},"f":{"0":8,"1":18,"2":7,"3":15,"4":2,"5":2,"6":2,"7":1,"8":2,"9":1,"10":2,"11":2},"b":{},"_coverageSchema":"1a1c01bbd47fc00a2c39e90264f33305004495a9","hash":"b27b0facaa4477f88ddf0c4375915e220e25f1b9"}
}
