TN:
SF:src/lib/supabase/types.ts
FN:318,snakeToCamel
FN:321,(anonymous_1)
FN:331,camelToSnake
FN:334,(anonymous_3)
FN:343,mapDatabaseUser
FN:364,mapDatabaseRoutine
FN:389,mapDatabaseWorkout
FN:418,mapDatabaseFriendship
FN:439,mapDatabasePost
FN:474,mapDatabaseReaction
FN:493,mapDatabaseComment
FN:514,mapDatabaseNotification
FNF:12
FNH:12
FNDA:8,snakeToCamel
FNDA:18,(anonymous_1)
FNDA:7,camelToSnake
FNDA:15,(anonymous_3)
FNDA:2,mapDatabaseUser
FNDA:2,mapDatabaseRoutine
FNDA:2,mapDatabaseWorkout
FNDA:1,mapDatabaseFriendship
FNDA:2,mapDatabasePost
FNDA:1,mapDatabaseReaction
FNDA:2,mapDatabaseComment
FNDA:2,mapDatabaseNotification
DA:319,8
DA:320,8
DA:321,18
DA:322,17
DA:324,8
DA:332,7
DA:333,7
DA:334,16
DA:335,16
DA:337,7
DA:351,2
DA:374,2
DA:401,2
DA:426,1
DA:454,2
DA:481,1
DA:501,2
DA:525,2
LF:18
LH:18
BRF:0
BRH:0
end_of_record
